<?xml version="1.0" encoding="UTF-8"?>
<!-- Generated by org.testng.reporters.JUnitXMLReporter -->
<testsuite ignored="0" hostname="AishwaryaMatam" failures="0" tests="2" name="Default test" time="24.826" errors="0" timestamp="2025-05-04T16:05:27 CDT">
  <testcase classname="packagename.ProjectName.Amazon_TestCase1" name="validCred" time="13.362">
    <skipped/>
  </testcase> <!-- validCred -->
  <testcase classname="packagename.ProjectName.Amazon_TestCase1" name="validCred" time="4.567"/>
</testsuite> <!-- Default test -->
