<?xml version="1.0" encoding="UTF-8"?>
<testng-results ignored="0" total="1" passed="1" failed="0" skipped="0">
  <reporter-output>
  </reporter-output>
  <suite started-at="2025-04-13T23:14:05 CDT" name="Default suite" finished-at="2025-04-13T23:14:36 CDT" duration-ms="31176">
    <groups>
    </groups>
    <test started-at="2025-04-13T23:14:05 CDT" name="Default test" finished-at="2025-04-13T23:14:36 CDT" duration-ms="31176">
      <class name="packagename.ProjectName.Amazon_TestCase9">
        <test-method is-config="true" signature="connection()[pri:0, instance:packagename.ProjectName.Amazon_TestCase9@43b6123e]" started-at="2025-04-13T23:14:05 CDT" name="connection" finished-at="2025-04-13T23:14:09 CDT" duration-ms="4410" status="PASS">
          <reporter-output>
          </reporter-output>
        </test-method> <!-- connection -->
        <test-method signature="UpadtingCart()[pri:0, instance:packagename.ProjectName.Amazon_TestCase9@43b6123e]" started-at="2025-04-13T23:14:09 CDT" name="UpadtingCart" finished-at="2025-04-13T23:14:35 CDT" duration-ms="25963" status="PASS">
          <reporter-output>
          </reporter-output>
        </test-method> <!-- UpadtingCart -->
        <test-method is-config="true" signature="quit()[pri:0, instance:packagename.ProjectName.Amazon_TestCase9@43b6123e]" started-at="2025-04-13T23:14:35 CDT" name="quit" finished-at="2025-04-13T23:14:36 CDT" duration-ms="730" status="PASS">
          <reporter-output>
          </reporter-output>
        </test-method> <!-- quit -->
      </class> <!-- packagename.ProjectName.Amazon_TestCase9 -->
    </test> <!-- Default test -->
  </suite> <!-- Default suite -->
</testng-results>
