<?xml version="1.0" encoding="UTF-8"?>
<testng-results retried="1" ignored="0" total="2" passed="1" failed="0" skipped="0">
  <reporter-output>
    <line>
      <![CDATA[Started Exectuting testcase]]>
    </line>
    <line>
      <![CDATA[HomePage]]>
    </line>
    <line>
      <![CDATA[Started Exectuting testcase]]>
    </line>
    <line>
      <![CDATA[HomePage]]>
    </line>
    <line>
      <![CDATA[Username Page]]>
    </line>
    <line>
      <![CDATA[Password Page]]>
    </line>
    <line>
      <![CDATA[Testcase is pass and will take a screenshot]]>
    </line>
  </reporter-output>
  <suite started-at="2025-05-04T16:05:02 CDT" name="Default suite" finished-at="2025-05-04T16:05:26 CDT" duration-ms="24826">
    <groups>
    </groups>
    <test started-at="2025-05-04T16:05:02 CDT" name="Default test" finished-at="2025-05-04T16:05:26 CDT" duration-ms="24826">
      <class name="packagename.ProjectName.Amazon_TestCase1">
        <test-method is-config="true" signature="connection()[pri:0, instance:packagename.ProjectName.Amazon_TestCase1@e84a8e1]" started-at="2025-05-04T16:05:03 CDT" name="connection" finished-at="2025-05-04T16:05:05 CDT" duration-ms="2303" status="PASS">
          <reporter-output>
          </reporter-output>
        </test-method> <!-- connection -->
        <test-method retried="true" signature="validCred(java.lang.String,java.lang.String)[pri:0, instance:packagename.ProjectName.Amazon_TestCase1@e84a8e1]" started-at="2025-05-04T16:05:05 CDT" name="validCred" data-provider="validdata" finished-at="2025-05-04T16:05:18 CDT" duration-ms="13362" status="SKIP">
          <params>
            <param index="0">
              <value>
                <![CDATA[aishwaryamatam5@gmail.com]]>
              </value>
            </param>
            <param index="1">
              <value>
                <![CDATA[Shilp@me245]]>
              </value>
            </param>
          </params>
          <exception class="org.openqa.selenium.ElementNotInteractableException">
            <message>
              <![CDATA[element not interactable
  (Session info: chrome=135.0.7049.115)
Build info: version: '4.20.0', revision: '866c76ca80'
System info: os.name: 'Windows 11', os.arch: 'amd64', os.version: '10.0', java.version: '21.0.5'
Driver info: org.openqa.selenium.chrome.ChromeDriver
Command: [f4a078e9e20e2c0823a81d59b1fbaff1, clickElement {id=f.016A3091FB3544E9DD49815D6A7BE24E.d.2B8F830C9A3A8B439A07E5473E466E20.e.69}]
Capabilities {acceptInsecureCerts: false, browserName: chrome, browserVersion: 135.0.7049.115, chrome: {chromedriverVersion: 135.0.7049.114 (63fd8a7d9d0..., userDataDir: C:\Users\aishw\AppData\Loca...}, fedcm:accounts: true, goog:chromeOptions: {debuggerAddress: localhost:57375}, networkConnectionEnabled: false, pageLoadStrategy: normal, platformName: windows, proxy: Proxy(), se:cdp: ws://localhost:57375/devtoo..., se:cdpVersion: 135.0.7049.115, setWindowRect: true, strictFileInteractability: false, timeouts: {implicit: 0, pageLoad: 300000, script: 30000}, unhandledPromptBehavior: dismiss and notify, webauthn:extension:credBlob: true, webauthn:extension:largeBlob: true, webauthn:extension:minPinLength: true, webauthn:extension:prf: true, webauthn:virtualAuthenticators: true}
Element: [[ChromeDriver: chrome on windows (f4a078e9e20e2c0823a81d59b1fbaff1)] -> xpath: //span[@class='nav-action-inner']]
Session ID: f4a078e9e20e2c0823a81d59b1fbaff1]]>
            </message>
            <full-stacktrace>
              <![CDATA[org.openqa.selenium.ElementNotInteractableException: element not interactable
  (Session info: chrome=135.0.7049.115)
Build info: version: '4.20.0', revision: '866c76ca80'
System info: os.name: 'Windows 11', os.arch: 'amd64', os.version: '10.0', java.version: '21.0.5'
Driver info: org.openqa.selenium.chrome.ChromeDriver
Command: [f4a078e9e20e2c0823a81d59b1fbaff1, clickElement {id=f.016A3091FB3544E9DD49815D6A7BE24E.d.2B8F830C9A3A8B439A07E5473E466E20.e.69}]
Capabilities {acceptInsecureCerts: false, browserName: chrome, browserVersion: 135.0.7049.115, chrome: {chromedriverVersion: 135.0.7049.114 (63fd8a7d9d0..., userDataDir: C:\Users\aishw\AppData\Loca...}, fedcm:accounts: true, goog:chromeOptions: {debuggerAddress: localhost:57375}, networkConnectionEnabled: false, pageLoadStrategy: normal, platformName: windows, proxy: Proxy(), se:cdp: ws://localhost:57375/devtoo..., se:cdpVersion: 135.0.7049.115, setWindowRect: true, strictFileInteractability: false, timeouts: {implicit: 0, pageLoad: 300000, script: 30000}, unhandledPromptBehavior: dismiss and notify, webauthn:extension:credBlob: true, webauthn:extension:largeBlob: true, webauthn:extension:minPinLength: true, webauthn:extension:prf: true, webauthn:virtualAuthenticators: true}
Element: [[ChromeDriver: chrome on windows (f4a078e9e20e2c0823a81d59b1fbaff1)] -> xpath: //span[@class='nav-action-inner']]
Session ID: f4a078e9e20e2c0823a81d59b1fbaff1
at java.base/jdk.internal.reflect.DirectConstructorHandleAccessor.newInstance(DirectConstructorHandleAccessor.java:62)
at java.base/java.lang.reflect.Constructor.newInstanceWithCaller(Constructor.java:502)
at java.base/java.lang.reflect.Constructor.newInstance(Constructor.java:486)
at org.openqa.selenium.remote.ErrorCodec.decode(ErrorCodec.java:167)
at org.openqa.selenium.remote.codec.w3c.W3CHttpResponseCodec.decode(W3CHttpResponseCodec.java:138)
at org.openqa.selenium.remote.codec.w3c.W3CHttpResponseCodec.decode(W3CHttpResponseCodec.java:50)
at org.openqa.selenium.remote.HttpCommandExecutor.execute(HttpCommandExecutor.java:190)
at org.openqa.selenium.remote.service.DriverCommandExecutor.invokeExecute(DriverCommandExecutor.java:216)
at org.openqa.selenium.remote.service.DriverCommandExecutor.execute(DriverCommandExecutor.java:174)
at org.openqa.selenium.remote.RemoteWebDriver.execute(RemoteWebDriver.java:518)
at org.openqa.selenium.remote.RemoteWebElement.execute(RemoteWebElement.java:223)
at org.openqa.selenium.remote.RemoteWebElement.click(RemoteWebElement.java:76)
at java.base/jdk.internal.reflect.DirectMethodHandleAccessor.invoke(DirectMethodHandleAccessor.java:103)
at java.base/java.lang.reflect.Method.invoke(Method.java:580)
at org.openqa.selenium.support.pagefactory.internal.LocatingElementHandler.invoke(LocatingElementHandler.java:51)
at jdk.proxy2/jdk.proxy2.$Proxy15.click(Unknown Source)
at packagename.ProjectName.Amazom_HomePage.SignIn_Button(Amazom_HomePage.java:33)
at packagename.ProjectName.Amazon_TestCase1.validCred(Amazon_TestCase1.java:20)
at java.base/jdk.internal.reflect.DirectMethodHandleAccessor.invoke(DirectMethodHandleAccessor.java:103)
at java.base/java.lang.reflect.Method.invoke(Method.java:580)
at org.testng.internal.invokers.MethodInvocationHelper.invokeMethod(MethodInvocationHelper.java:141)
at org.testng.internal.invokers.TestInvoker.invokeMethod(TestInvoker.java:687)
at org.testng.internal.invokers.TestInvoker.invokeTestMethod(TestInvoker.java:230)
at org.testng.internal.invokers.MethodRunner.runInSequence(MethodRunner.java:63)
at org.testng.internal.invokers.TestInvoker$MethodInvocationAgent.invoke(TestInvoker.java:995)
at org.testng.internal.invokers.TestInvoker.invokeTestMethods(TestInvoker.java:203)
at org.testng.internal.invokers.TestMethodWorker.invokeTestMethods(TestMethodWorker.java:154)
at org.testng.internal.invokers.TestMethodWorker.run(TestMethodWorker.java:134)
at java.base/java.util.ArrayList.forEach(ArrayList.java:1596)
at org.testng.TestRunner.privateRun(TestRunner.java:741)
at org.testng.TestRunner.run(TestRunner.java:616)
at org.testng.SuiteRunner.runTest(SuiteRunner.java:421)
at org.testng.SuiteRunner.runSequentially(SuiteRunner.java:413)
at org.testng.SuiteRunner.privateRun(SuiteRunner.java:373)
at org.testng.SuiteRunner.run(SuiteRunner.java:312)
at org.testng.SuiteRunnerWorker.runSuite(SuiteRunnerWorker.java:52)
at org.testng.SuiteRunnerWorker.run(SuiteRunnerWorker.java:95)
at org.testng.TestNG.runSuitesSequentially(TestNG.java:1274)
at org.testng.TestNG.runSuitesLocally(TestNG.java:1208)
at org.testng.TestNG.runSuites(TestNG.java:1112)
at org.testng.TestNG.run(TestNG.java:1079)
at org.testng.remote.AbstractRemoteTestNG.run(AbstractRemoteTestNG.java:115)
at org.testng.remote.RemoteTestNG.initAndRun(RemoteTestNG.java:293)
at org.testng.remote.RemoteTestNG.main(RemoteTestNG.java:91)
]]>
            </full-stacktrace>
          </exception> <!-- org.openqa.selenium.ElementNotInteractableException -->
          <reporter-output>
            <line>
              <![CDATA[Started Exectuting testcase]]>
            </line>
            <line>
              <![CDATA[HomePage]]>
            </line>
          </reporter-output>
        </test-method> <!-- validCred -->
        <test-method is-config="true" signature="quit()[pri:0, instance:packagename.ProjectName.Amazon_TestCase1@e84a8e1]" started-at="2025-05-04T16:05:18 CDT" name="quit" finished-at="2025-05-04T16:05:18 CDT" duration-ms="0" status="PASS">
          <reporter-output>
          </reporter-output>
        </test-method> <!-- quit -->
        <test-method is-config="true" signature="connection()[pri:0, instance:packagename.ProjectName.Amazon_TestCase1@e84a8e1]" started-at="2025-05-04T16:05:18 CDT" name="connection" finished-at="2025-05-04T16:05:20 CDT" duration-ms="1899" status="PASS">
          <reporter-output>
          </reporter-output>
        </test-method> <!-- connection -->
        <test-method signature="validCred(java.lang.String,java.lang.String)[pri:0, instance:packagename.ProjectName.Amazon_TestCase1@e84a8e1]" started-at="2025-05-04T16:05:20 CDT" name="validCred" data-provider="validdata" finished-at="2025-05-04T16:05:25 CDT" duration-ms="4567" status="PASS">
          <params>
            <param index="0">
              <value>
                <![CDATA[aishwaryamatam5@gmail.com]]>
              </value>
            </param>
            <param index="1">
              <value>
                <![CDATA[Shilp@me245]]>
              </value>
            </param>
          </params>
          <reporter-output>
            <line>
              <![CDATA[Started Exectuting testcase]]>
            </line>
            <line>
              <![CDATA[HomePage]]>
            </line>
            <line>
              <![CDATA[Username Page]]>
            </line>
            <line>
              <![CDATA[Password Page]]>
            </line>
            <line>
              <![CDATA[Testcase is pass and will take a screenshot]]>
            </line>
          </reporter-output>
        </test-method> <!-- validCred -->
        <test-method is-config="true" signature="quit()[pri:0, instance:packagename.ProjectName.Amazon_TestCase1@e84a8e1]" started-at="2025-05-04T16:05:26 CDT" name="quit" finished-at="2025-05-04T16:05:26 CDT" duration-ms="0" status="PASS">
          <reporter-output>
          </reporter-output>
        </test-method> <!-- quit -->
      </class> <!-- packagename.ProjectName.Amazon_TestCase1 -->
    </test> <!-- Default test -->
  </suite> <!-- Default suite -->
</testng-results>
